2026-03-06T05:08:16.069Z | trigger=on_confidence_met | task=t1 | state=in_progress | hooks=0 | pid=80973
Error
    at runHooks (file:///Users/ofershaal/code/utilities/hootl/dist/hooks.js:345:19)
    at TestContext.<anonymous> (file:///Users/ofershaal/code/utilities/hootl/dist/test/hooks.test.js:498:30)
    at Test.runInAsyncScope (node:async_hooks:214:14)
    at Test.run (node:internal/test_runner/test:1047:25)
    at Test.start (node:internal/test_runner/test:944:17)
    at node:internal/test_runner/test:1440:71
    at node:internal/per_context/primordials:464:82
    at new Promise (<anonymous>)
    at new SafePromise (node:internal/per_context/primordials:433:3)
    at node:internal/per_context/primordials:464:9
---
2026-03-06T05:08:16.084Z | trigger=on_confidence_met | task=t1 | state=in_progress | hooks=2 | pid=80973
Error
    at runHooks (file:///Users/ofershaal/code/utilities/hootl/dist/hooks.js:345:19)
    at TestContext.<anonymous> (file:///Users/ofershaal/code/utilities/hootl/dist/test/hooks.test.js:523:30)
    at Test.runInAsyncScope (node:async_hooks:214:14)
    at Test.run (node:internal/test_runner/test:1047:25)
    at Suite.processPendingSubtests (node:internal/test_runner/test:744:18)
    at Test.postRun (node:internal/test_runner/test:1173:19)
    at Test.run (node:internal/test_runner/test:1101:12)
    at async Promise.all (index 0)
    at async Suite.run (node:internal/test_runner/test:1442:7)
    at async Test.processPendingSubtests (node:internal/test_runner/test:744:7)
---
2026-03-06T05:08:16.087Z | trigger=on_blocked | task=t1 | state=in_progress | hooks=2 | pid=80973
Error
    at runHooks (file:///Users/ofershaal/code/utilities/hootl/dist/hooks.js:345:19)
    at TestContext.<anonymous> (file:///Users/ofershaal/code/utilities/hootl/dist/test/hooks.test.js:556:30)
    at Test.runInAsyncScope (node:async_hooks:214:14)
    at Test.run (node:internal/test_runner/test:1047:25)
    at Suite.processPendingSubtests (node:internal/test_runner/test:744:18)
    at Test.postRun (node:internal/test_runner/test:1173:19)
    at Test.run (node:internal/test_runner/test:1101:12)
    at async Suite.processPendingSubtests (node:internal/test_runner/test:744:7)
---
2026-03-06T05:08:16.090Z | trigger=on_review_complete | task=task-42 | state=in_progress | hooks=2 | pid=80973
Error
    at runHooks (file:///Users/ofershaal/code/utilities/hootl/dist/hooks.js:345:19)
    at TestContext.<anonymous> (file:///Users/ofershaal/code/utilities/hootl/dist/test/hooks.test.js:572:15)
    at Test.runInAsyncScope (node:async_hooks:214:14)
    at Test.run (node:internal/test_runner/test:1047:25)
    at Suite.processPendingSubtests (node:internal/test_runner/test:744:18)
    at Test.postRun (node:internal/test_runner/test:1173:19)
    at Test.run (node:internal/test_runner/test:1101:12)
    at async Suite.processPendingSubtests (node:internal/test_runner/test:744:7)
---
2026-03-06T05:08:16.092Z | trigger=on_confidence_met | task=t1 | state=in_progress | hooks=1 | pid=80973
Error
    at runHooks (file:///Users/ofershaal/code/utilities/hootl/dist/hooks.js:345:19)
    at TestContext.<anonymous> (file:///Users/ofershaal/code/utilities/hootl/dist/test/hooks.test.js:589:30)
    at Test.runInAsyncScope (node:async_hooks:214:14)
    at Test.run (node:internal/test_runner/test:1047:25)
    at Suite.processPendingSubtests (node:internal/test_runner/test:744:18)
    at Test.postRun (node:internal/test_runner/test:1173:19)
    at Test.run (node:internal/test_runner/test:1101:12)
    at async Suite.processPendingSubtests (node:internal/test_runner/test:744:7)
---
2026-03-06T05:08:16.093Z | trigger=on_execute_start | task=t1 | state=in_progress | hooks=2 | pid=80973
Error
    at runHooks (file:///Users/ofershaal/code/utilities/hootl/dist/hooks.js:345:19)
    at TestContext.<anonymous> (file:///Users/ofershaal/code/utilities/hootl/dist/test/hooks.test.js:602:30)
    at Test.runInAsyncScope (node:async_hooks:214:14)
    at Test.run (node:internal/test_runner/test:1047:25)
    at Suite.processPendingSubtests (node:internal/test_runner/test:744:18)
    at Test.postRun (node:internal/test_runner/test:1173:19)
    at Test.run (node:internal/test_runner/test:1101:12)
    at async Suite.processPendingSubtests (node:internal/test_runner/test:744:7)
---
2026-03-06T05:08:16.094Z | trigger=on_blocked | task=t1 | state=in_progress | hooks=1 | pid=80973
Error
    at runHooks (file:///Users/ofershaal/code/utilities/hootl/dist/hooks.js:345:19)
    at TestContext.<anonymous> (file:///Users/ofershaal/code/utilities/hootl/dist/test/hooks.test.js:622:30)
    at Test.runInAsyncScope (node:async_hooks:214:14)
    at Test.run (node:internal/test_runner/test:1047:25)
    at Suite.processPendingSubtests (node:internal/test_runner/test:744:18)
    at Test.postRun (node:internal/test_runner/test:1173:19)
    at Test.run (node:internal/test_runner/test:1101:12)
    at async Suite.processPendingSubtests (node:internal/test_runner/test:744:7)
---
2026-03-06T05:08:16.156Z | trigger=on_confidence_met | task=task-001 | state=in_progress | hooks=1 | pid=80977
Error
    at runHooks (file:///Users/ofershaal/code/utilities/hootl/dist/hooks.js:345:19)
    at handleConfidenceMet (file:///Users/ofershaal/code/utilities/hootl/dist/loop.js:306:25)
    at TestContext.<anonymous> (file:///Users/ofershaal/code/utilities/hootl/dist/test/loop.test.js:440:34)
    at async Test.run (node:internal/test_runner/test:1054:7)
    at async Promise.all (index 0)
    at async Suite.run (node:internal/test_runner/test:1442:7)
    at async Test.processPendingSubtests (node:internal/test_runner/test:744:7)
---
2026-03-06T05:08:16.224Z | trigger=on_confidence_met | task=task-001 | state=in_progress | hooks=1 | pid=80977
Error
    at runHooks (file:///Users/ofershaal/code/utilities/hootl/dist/hooks.js:345:19)
    at handleConfidenceMet (file:///Users/ofershaal/code/utilities/hootl/dist/loop.js:306:25)
    at TestContext.<anonymous> (file:///Users/ofershaal/code/utilities/hootl/dist/test/loop.test.js:455:34)
    at async Test.run (node:internal/test_runner/test:1054:7)
    at async Suite.processPendingSubtests (node:internal/test_runner/test:744:7)
---
2026-03-06T05:08:16.317Z | trigger=on_confidence_met | task=task-001 | state=in_progress | hooks=1 | pid=80977
Error
    at runHooks (file:///Users/ofershaal/code/utilities/hootl/dist/hooks.js:345:19)
    at handleConfidenceMet (file:///Users/ofershaal/code/utilities/hootl/dist/loop.js:306:25)
    at TestContext.<anonymous> (file:///Users/ofershaal/code/utilities/hootl/dist/test/loop.test.js:469:34)
    at async Test.run (node:internal/test_runner/test:1054:7)
    at async Suite.processPendingSubtests (node:internal/test_runner/test:744:7)
---
2026-03-06T05:08:16.369Z | trigger=on_confidence_met | task=task-001 | state=in_progress | hooks=1 | pid=80977
Error
    at runHooks (file:///Users/ofershaal/code/utilities/hootl/dist/hooks.js:345:19)
    at handleConfidenceMet (file:///Users/ofershaal/code/utilities/hootl/dist/loop.js:306:25)
    at TestContext.<anonymous> (file:///Users/ofershaal/code/utilities/hootl/dist/test/loop.test.js:484:34)
    at async Test.run (node:internal/test_runner/test:1054:7)
    at async Suite.processPendingSubtests (node:internal/test_runner/test:744:7)
---
2026-03-06T05:08:16.430Z | trigger=on_confidence_met | task=task-001 | state=in_progress | hooks=1 | pid=80977
Error
    at runHooks (file:///Users/ofershaal/code/utilities/hootl/dist/hooks.js:345:19)
    at handleConfidenceMet (file:///Users/ofershaal/code/utilities/hootl/dist/loop.js:306:25)
    at TestContext.<anonymous> (file:///Users/ofershaal/code/utilities/hootl/dist/test/loop.test.js:499:34)
    at async Test.run (node:internal/test_runner/test:1054:7)
    at async Suite.processPendingSubtests (node:internal/test_runner/test:744:7)
---
2026-03-06T05:08:16.484Z | trigger=on_confidence_met | task=task-001 | state=in_progress | hooks=1 | pid=80977
Error
    at runHooks (file:///Users/ofershaal/code/utilities/hootl/dist/hooks.js:345:19)
    at handleConfidenceMet (file:///Users/ofershaal/code/utilities/hootl/dist/loop.js:305:25)
    at TestContext.<anonymous> (file:///Users/ofershaal/code/utilities/hootl/dist/test/loop.test.js:528:34)
    at async Test.run (node:internal/test_runner/test:1054:7)
    at async Suite.processPendingSubtests (node:internal/test_runner/test:744:7)
---
2026-03-06T05:08:16.484Z | trigger=on_confidence_met | task=task-001 | state=in_progress | hooks=1 | pid=80977
Error
    at runHooks (file:///Users/ofershaal/code/utilities/hootl/dist/hooks.js:345:19)
    at handleConfidenceMet (file:///Users/ofershaal/code/utilities/hootl/dist/loop.js:305:25)
    at TestContext.<anonymous> (file:///Users/ofershaal/code/utilities/hootl/dist/test/loop.test.js:558:34)
    at async Test.run (node:internal/test_runner/test:1054:7)
    at async Suite.processPendingSubtests (node:internal/test_runner/test:744:7)
---
2026-03-06T05:08:16.487Z | trigger=on_confidence_met | task=task-001 | state=in_progress | hooks=1 | pid=80977
Error
    at runHooks (file:///Users/ofershaal/code/utilities/hootl/dist/hooks.js:345:19)
    at handleConfidenceMet (file:///Users/ofershaal/code/utilities/hootl/dist/loop.js:305:25)
    at TestContext.<anonymous> (file:///Users/ofershaal/code/utilities/hootl/dist/test/loop.test.js:583:34)
    at async Test.run (node:internal/test_runner/test:1054:7)
    at async Suite.processPendingSubtests (node:internal/test_runner/test:744:7)
---
2026-03-06T05:08:16.488Z | trigger=on_confidence_met | task=task-001 | state=in_progress | hooks=1 | pid=80977
Error
    at runHooks (file:///Users/ofershaal/code/utilities/hootl/dist/hooks.js:345:19)
    at handleConfidenceMet (file:///Users/ofershaal/code/utilities/hootl/dist/loop.js:305:25)
    at TestContext.<anonymous> (file:///Users/ofershaal/code/utilities/hootl/dist/test/loop.test.js:603:34)
    at async Test.run (node:internal/test_runner/test:1054:7)
    at async Suite.processPendingSubtests (node:internal/test_runner/test:744:7)
---
2026-03-06T05:08:16.497Z | trigger=on_confidence_met | task=task-001 | state=in_progress | hooks=1 | pid=80977
Error
    at runHooks (file:///Users/ofershaal/code/utilities/hootl/dist/hooks.js:345:19)
    at handleConfidenceMet (file:///Users/ofershaal/code/utilities/hootl/dist/loop.js:305:25)
    at TestContext.<anonymous> (file:///Users/ofershaal/code/utilities/hootl/dist/test/loop.test.js:1063:34)
    at async Test.run (node:internal/test_runner/test:1054:7)
    at async Promise.all (index 0)
    at async Suite.run (node:internal/test_runner/test:1442:7)
    at async Test.processPendingSubtests (node:internal/test_runner/test:744:7)
---
2026-03-06T05:08:16.498Z | trigger=on_confidence_met | task=task-001 | state=in_progress | hooks=1 | pid=80977
Error
    at runHooks (file:///Users/ofershaal/code/utilities/hootl/dist/hooks.js:345:19)
    at handleConfidenceMet (file:///Users/ofershaal/code/utilities/hootl/dist/loop.js:305:25)
    at TestContext.<anonymous> (file:///Users/ofershaal/code/utilities/hootl/dist/test/loop.test.js:1099:19)
    at async Test.run (node:internal/test_runner/test:1054:7)
    at async Suite.processPendingSubtests (node:internal/test_runner/test:744:7)
---
2026-03-06T05:08:16.499Z | trigger=on_confidence_met | task=task-001 | state=in_progress | hooks=1 | pid=80977
Error
    at runHooks (file:///Users/ofershaal/code/utilities/hootl/dist/hooks.js:345:19)
    at handleConfidenceMet (file:///Users/ofershaal/code/utilities/hootl/dist/loop.js:305:25)
    at TestContext.<anonymous> (file:///Users/ofershaal/code/utilities/hootl/dist/test/loop.test.js:1129:19)
    at async Test.run (node:internal/test_runner/test:1054:7)
    at async Suite.processPendingSubtests (node:internal/test_runner/test:744:7)
---
2026-03-06T05:08:16.500Z | trigger=on_confidence_met | task=task-001 | state=in_progress | hooks=1 | pid=80977
Error
    at runHooks (file:///Users/ofershaal/code/utilities/hootl/dist/hooks.js:345:19)
    at handleConfidenceMet (file:///Users/ofershaal/code/utilities/hootl/dist/loop.js:305:25)
    at TestContext.<anonymous> (file:///Users/ofershaal/code/utilities/hootl/dist/test/loop.test.js:1181:34)
    at async Test.run (node:internal/test_runner/test:1054:7)
    at async Suite.processPendingSubtests (node:internal/test_runner/test:744:7)
---
2026-03-06T05:08:16.542Z | trigger=on_confidence_met | task=task-001 | state=in_progress | hooks=1 | pid=80977
Error
    at runHooks (file:///Users/ofershaal/code/utilities/hootl/dist/hooks.js:345:19)
    at handleConfidenceMet (file:///Users/ofershaal/code/utilities/hootl/dist/loop.js:368:33)
    at async TestContext.<anonymous> (file:///Users/ofershaal/code/utilities/hootl/dist/test/loop.test.js:1181:28)
    at async Test.run (node:internal/test_runner/test:1054:7)
    at async Suite.processPendingSubtests (node:internal/test_runner/test:744:7)
---
2026-03-06T05:08:16.543Z | trigger=on_confidence_met | task=task-001 | state=in_progress | hooks=1 | pid=80977
Error
    at runHooks (file:///Users/ofershaal/code/utilities/hootl/dist/hooks.js:345:19)
    at handleConfidenceMet (file:///Users/ofershaal/code/utilities/hootl/dist/loop.js:305:25)
    at TestContext.<anonymous> (file:///Users/ofershaal/code/utilities/hootl/dist/test/loop.test.js:1226:34)
    at async Test.run (node:internal/test_runner/test:1054:7)
    at async Suite.processPendingSubtests (node:internal/test_runner/test:744:7)
---
2026-03-06T05:08:16.580Z | trigger=on_confidence_met | task=task-001 | state=in_progress | hooks=1 | pid=80977
Error
    at runHooks (file:///Users/ofershaal/code/utilities/hootl/dist/hooks.js:345:19)
    at handleConfidenceMet (file:///Users/ofershaal/code/utilities/hootl/dist/loop.js:305:25)
    at TestContext.<anonymous> (file:///Users/ofershaal/code/utilities/hootl/dist/test/loop.test.js:1274:34)
    at async Test.run (node:internal/test_runner/test:1054:7)
    at async Suite.processPendingSubtests (node:internal/test_runner/test:744:7)
---
2026-03-06T05:08:16.618Z | trigger=on_confidence_met | task=task-001 | state=in_progress | hooks=1 | pid=80977
Error
    at runHooks (file:///Users/ofershaal/code/utilities/hootl/dist/hooks.js:345:19)
    at handleConfidenceMet (file:///Users/ofershaal/code/utilities/hootl/dist/loop.js:368:33)
    at async TestContext.<anonymous> (file:///Users/ofershaal/code/utilities/hootl/dist/test/loop.test.js:1274:28)
    at async Test.run (node:internal/test_runner/test:1054:7)
    at async Suite.processPendingSubtests (node:internal/test_runner/test:744:7)
---
2026-03-06T05:08:16.655Z | trigger=on_confidence_met | task=task-001 | state=in_progress | hooks=1 | pid=80977
Error
    at runHooks (file:///Users/ofershaal/code/utilities/hootl/dist/hooks.js:345:19)
    at handleConfidenceMet (file:///Users/ofershaal/code/utilities/hootl/dist/loop.js:368:33)
    at async TestContext.<anonymous> (file:///Users/ofershaal/code/utilities/hootl/dist/test/loop.test.js:1274:28)
    at async Test.run (node:internal/test_runner/test:1054:7)
    at async Suite.processPendingSubtests (node:internal/test_runner/test:744:7)
---
2026-03-06T05:08:16.658Z | trigger=on_confidence_met | task=task-001 | state=in_progress | hooks=1 | pid=80977
Error
    at runHooks (file:///Users/ofershaal/code/utilities/hootl/dist/hooks.js:345:19)
    at handleConfidenceMet (file:///Users/ofershaal/code/utilities/hootl/dist/loop.js:305:25)
    at TestContext.<anonymous> (file:///Users/ofershaal/code/utilities/hootl/dist/test/loop.test.js:1308:34)
    at async Test.run (node:internal/test_runner/test:1054:7)
    at async Suite.processPendingSubtests (node:internal/test_runner/test:744:7)
---
2026-03-06T05:08:16.659Z | trigger=on_confidence_met | task=task-001 | state=in_progress | hooks=1 | pid=80977
Error
    at runHooks (file:///Users/ofershaal/code/utilities/hootl/dist/hooks.js:345:19)
    at handleConfidenceMet (file:///Users/ofershaal/code/utilities/hootl/dist/loop.js:305:25)
    at TestContext.<anonymous> (file:///Users/ofershaal/code/utilities/hootl/dist/test/loop.test.js:1360:34)
    at async Test.run (node:internal/test_runner/test:1054:7)
    at async Suite.processPendingSubtests (node:internal/test_runner/test:744:7)
---
2026-03-06T05:08:16.693Z | trigger=on_confidence_met | task=task-001 | state=in_progress | hooks=1 | pid=80977
Error
    at runHooks (file:///Users/ofershaal/code/utilities/hootl/dist/hooks.js:345:19)
    at handleConfidenceMet (file:///Users/ofershaal/code/utilities/hootl/dist/loop.js:368:33)
    at async TestContext.<anonymous> (file:///Users/ofershaal/code/utilities/hootl/dist/test/loop.test.js:1360:28)
    at async Test.run (node:internal/test_runner/test:1054:7)
    at async Suite.processPendingSubtests (node:internal/test_runner/test:744:7)
---
2026-03-06T05:08:16.694Z | trigger=on_confidence_met | task=task-001 | state=in_progress | hooks=1 | pid=80977
Error
    at runHooks (file:///Users/ofershaal/code/utilities/hootl/dist/hooks.js:345:19)
    at handleConfidenceMet (file:///Users/ofershaal/code/utilities/hootl/dist/loop.js:305:25)
    at TestContext.<anonymous> (file:///Users/ofershaal/code/utilities/hootl/dist/test/loop.test.js:1410:19)
    at async Test.run (node:internal/test_runner/test:1054:7)
    at async Suite.processPendingSubtests (node:internal/test_runner/test:744:7)
---
